<?xml version="1.0" encoding="UTF-8"?>
<!-- Generated by org.testng.reporters.JUnitReportReporter -->
<testsuite hostname="LAPTOP-OMRO3EKJ" failures="0" tests="1" name="datadriven.Datadrive" time="8.969" errors="0" timestamp="2019-11-19T13:08:57 MEZ" skipped="0">
  <testcase classname="datadriven.Datadrive" name="Login" time="8.969"/>
</testsuite> <!-- datadriven.Datadrive -->
