<?xml version="1.0" encoding="UTF-8"?>
<!-- Generated by org.testng.reporters.JUnitReportReporter -->
<testsuite hostname="LAPTOP-OMRO3EKJ" failures="0" tests="1" name="test.day4" time="0.000" errors="0" timestamp="2019-11-18T17:07:37 MEZ" skipped="0">
  <testcase classname="test.day4" name="WebloginHomeLoan" time="0.000"/>
</testsuite> <!-- test.day4 -->
