<?xml version="1.0" encoding="UTF-8"?>
<!-- Generated by org.testng.reporters.JUnitReportReporter -->
<testsuite hostname="LAPTOP-OMRO3EKJ" failures="0" tests="5" name="test.day3" time="0.030" errors="0" timestamp="2019-11-18T17:11:28 MEZ" skipped="0">
  <testcase classname="test.day3" name="WebloginCarLoan" time="0.000"/>
  <testcase classname="test.day3" name="MobileLogincarLoan" time="0.015"/>
  <testcase classname="test.day3" name="MobilesignoutcarLoan" time="0.015"/>
  <testcase classname="test.day3" name="MobilesignoutcarLoan" time="0.000"/>
  <testcase classname="test.day3" name="MobilesignoutcarLoan" time="0.000"/>
</testsuite> <!-- test.day3 -->
