<?xml version="1.0" encoding="UTF-8"?>
<!-- Generated by org.testng.reporters.JUnitReportReporter -->
<testsuite hostname="LAPTOP-OMRO3EKJ" failures="0" tests="2" name="datadriven.OtwarciePrzegladarki" time="18.214" errors="0" timestamp="2019-11-19T13:35:48 MEZ" skipped="0">
  <testcase classname="datadriven.OtwarciePrzegladarki" name="OpeningBrowser" time="10.352"/>
  <testcase classname="datadriven.OtwarciePrzegladarki" name="Login" time="7.862"/>
</testsuite> <!-- datadriven.OtwarciePrzegladarki -->
